2024-10-15 14:40:30,491 [Worker-2: Loading available Gradle versions] INFO  o.e.b.c.i.u.g.PublishedGradleVersions - Gradle version information cache is out-of-date. Trying to update.
2024-10-15 17:53:17,537 [Worker-1: Loading available Gradle versions] INFO  o.e.b.c.i.u.g.PublishedGradleVersions - Gradle version information cache is up-to-date. Trying to read.
2024-10-15 23:00:12,500 [Worker-0: Loading available Gradle versions] INFO  o.e.b.c.i.u.g.PublishedGradleVersions - Gradle version information cache is up-to-date. Trying to read.
2024-10-15 23:00:44,204 [Worker-0: Auto share git projects] WARN  org.eclipse.jgit.util.FS_Win32 - null
2024-10-16 17:17:48,209 [Worker-2: Loading available Gradle versions] INFO  o.e.b.c.i.u.g.PublishedGradleVersions - Gradle version information cache is out-of-date. Trying to update.
2024-10-16 17:18:16,697 [main] WARN  org.eclipse.jgit.util.FS_Win32 - null
2024-10-17 17:44:57,553 [Worker-2: Loading available Gradle versions] INFO  o.e.b.c.i.u.g.PublishedGradleVersions - Gradle version information cache is out-of-date. Trying to update.
2024-10-17 17:44:58,434 [Worker-6: Decoration Calculation] WARN  org.eclipse.jgit.util.FS_Win32 - null
2024-10-17 17:48:18,523 [ModalContext] INFO  o.e.m.c.i.e.AbstractTransferListenerAdapter - Downloading https://repo.maven.apache.org/maven2/org/apache/maven/archetypes/maven-archetype-quickstart/1.1/maven-archetype-quickstart-1.1.pom
2024-10-17 17:48:18,539 [ModalContext] INFO  o.e.m.c.i.e.AbstractTransferListenerAdapter - Downloaded https://repo.maven.apache.org/maven2/org/apache/maven/archetypes/maven-archetype-quickstart/1.1/maven-archetype-quickstart-1.1.pom
2024-10-17 17:48:18,636 [ModalContext] INFO  o.e.m.c.i.e.AbstractTransferListenerAdapter - Downloading https://repo.maven.apache.org/maven2/org/apache/maven/archetypes/maven-archetype-bundles/4/maven-archetype-bundles-4.pom
2024-10-17 17:48:18,645 [ModalContext] INFO  o.e.m.c.i.e.AbstractTransferListenerAdapter - Downloaded https://repo.maven.apache.org/maven2/org/apache/maven/archetypes/maven-archetype-bundles/4/maven-archetype-bundles-4.pom
2024-10-17 17:48:18,739 [ModalContext] INFO  o.e.m.c.i.e.AbstractTransferListenerAdapter - Downloading https://repo.maven.apache.org/maven2/org/apache/maven/archetype/maven-archetype/2.0-alpha-5/maven-archetype-2.0-alpha-5.pom
2024-10-17 17:48:18,749 [ModalContext] INFO  o.e.m.c.i.e.AbstractTransferListenerAdapter - Downloaded https://repo.maven.apache.org/maven2/org/apache/maven/archetype/maven-archetype/2.0-alpha-5/maven-archetype-2.0-alpha-5.pom
2024-10-17 17:48:18,936 [ModalContext] INFO  o.e.m.c.i.e.AbstractTransferListenerAdapter - Downloading https://repo.maven.apache.org/maven2/org/apache/maven/archetypes/maven-archetype-quickstart/1.1/maven-archetype-quickstart-1.1.jar
2024-10-17 17:48:18,943 [ModalContext] INFO  o.e.m.c.i.e.AbstractTransferListenerAdapter - Downloaded https://repo.maven.apache.org/maven2/org/apache/maven/archetypes/maven-archetype-quickstart/1.1/maven-archetype-quickstart-1.1.jar
2024-10-17 17:55:55,489 [Worker-15: Launching mavenrun-4baa37c1-fa3c-4273-bbf0-ace437056bde] INFO  o.eclipse.m2e.core.internal.Bundles - getClasspathEntries(Bundle=org.eclipse.m2e.maven.runtime_3.9.600.20231203-1234 [354])
2024-10-17 17:55:55,491 [Worker-15: Launching mavenrun-4baa37c1-fa3c-4273-bbf0-ace437056bde] INFO  o.eclipse.m2e.core.internal.Bundles - 	Entry: C:\Program Files\sts-4.22.1.RELEASE\plugins\org.eclipse.m2e.maven.runtime_3.9.600.20231203-1234
2024-10-17 17:55:55,493 [Worker-15: Launching mavenrun-4baa37c1-fa3c-4273-bbf0-ace437056bde] INFO  o.eclipse.m2e.core.internal.Bundles - 	Entry: C:\Program Files\sts-4.22.1.RELEASE\plugins\org.eclipse.m2e.maven.runtime_3.9.600.20231203-1234\jars\aopalliance-1.0.jar
2024-10-17 17:55:55,493 [Worker-15: Launching mavenrun-4baa37c1-fa3c-4273-bbf0-ace437056bde] INFO  o.eclipse.m2e.core.internal.Bundles - 	Entry: C:\Program Files\sts-4.22.1.RELEASE\plugins\org.eclipse.m2e.maven.runtime_3.9.600.20231203-1234\jars\guice-5.1.0.jar
2024-10-17 17:55:55,494 [Worker-15: Launching mavenrun-4baa37c1-fa3c-4273-bbf0-ace437056bde] INFO  o.eclipse.m2e.core.internal.Bundles - 	Entry: C:\Program Files\sts-4.22.1.RELEASE\plugins\org.eclipse.m2e.maven.runtime_3.9.600.20231203-1234\jars\httpclient-4.5.14.jar
2024-10-17 17:55:55,494 [Worker-15: Launching mavenrun-4baa37c1-fa3c-4273-bbf0-ace437056bde] INFO  o.eclipse.m2e.core.internal.Bundles - 	Entry: C:\Program Files\sts-4.22.1.RELEASE\plugins\org.eclipse.m2e.maven.runtime_3.9.600.20231203-1234\jars\httpcore-4.4.16.jar
2024-10-17 17:55:55,495 [Worker-15: Launching mavenrun-4baa37c1-fa3c-4273-bbf0-ace437056bde] INFO  o.eclipse.m2e.core.internal.Bundles - 	Entry: C:\Program Files\sts-4.22.1.RELEASE\plugins\org.eclipse.m2e.maven.runtime_3.9.600.20231203-1234\jars\jansi-2.4.0.jar
2024-10-17 17:55:55,495 [Worker-15: Launching mavenrun-4baa37c1-fa3c-4273-bbf0-ace437056bde] INFO  o.eclipse.m2e.core.internal.Bundles - 	Entry: C:\Program Files\sts-4.22.1.RELEASE\plugins\org.eclipse.m2e.maven.runtime_3.9.600.20231203-1234\jars\jcl-over-slf4j-1.7.36.jar
2024-10-17 17:55:55,496 [Worker-15: Launching mavenrun-4baa37c1-fa3c-4273-bbf0-ace437056bde] INFO  o.eclipse.m2e.core.internal.Bundles - 	Entry: C:\Program Files\sts-4.22.1.RELEASE\plugins\org.eclipse.m2e.maven.runtime_3.9.600.20231203-1234\jars\maven-artifact-3.9.6.jar
2024-10-17 17:55:55,497 [Worker-15: Launching mavenrun-4baa37c1-fa3c-4273-bbf0-ace437056bde] INFO  o.eclipse.m2e.core.internal.Bundles - 	Entry: C:\Program Files\sts-4.22.1.RELEASE\plugins\org.eclipse.m2e.maven.runtime_3.9.600.20231203-1234\jars\maven-builder-support-3.9.6.jar
2024-10-17 17:55:55,497 [Worker-15: Launching mavenrun-4baa37c1-fa3c-4273-bbf0-ace437056bde] INFO  o.eclipse.m2e.core.internal.Bundles - 	Entry: C:\Program Files\sts-4.22.1.RELEASE\plugins\org.eclipse.m2e.maven.runtime_3.9.600.20231203-1234\jars\maven-compat-3.9.6.jar
2024-10-17 17:55:55,498 [Worker-15: Launching mavenrun-4baa37c1-fa3c-4273-bbf0-ace437056bde] INFO  o.eclipse.m2e.core.internal.Bundles - 	Entry: C:\Program Files\sts-4.22.1.RELEASE\plugins\org.eclipse.m2e.maven.runtime_3.9.600.20231203-1234\jars\maven-core-3.9.6.jar
2024-10-17 17:55:55,500 [Worker-15: Launching mavenrun-4baa37c1-fa3c-4273-bbf0-ace437056bde] INFO  o.eclipse.m2e.core.internal.Bundles - 	Entry: C:\Program Files\sts-4.22.1.RELEASE\plugins\org.eclipse.m2e.maven.runtime_3.9.600.20231203-1234\jars\maven-embedder-3.9.6.jar
2024-10-17 17:55:55,501 [Worker-15: Launching mavenrun-4baa37c1-fa3c-4273-bbf0-ace437056bde] INFO  o.eclipse.m2e.core.internal.Bundles - 	Entry: C:\Program Files\sts-4.22.1.RELEASE\plugins\org.eclipse.m2e.maven.runtime_3.9.600.20231203-1234\jars\maven-model-3.9.6.jar
2024-10-17 17:55:55,502 [Worker-15: Launching mavenrun-4baa37c1-fa3c-4273-bbf0-ace437056bde] INFO  o.eclipse.m2e.core.internal.Bundles - 	Entry: C:\Program Files\sts-4.22.1.RELEASE\plugins\org.eclipse.m2e.maven.runtime_3.9.600.20231203-1234\jars\maven-model-builder-3.9.6.jar
2024-10-17 17:55:55,503 [Worker-15: Launching mavenrun-4baa37c1-fa3c-4273-bbf0-ace437056bde] INFO  o.eclipse.m2e.core.internal.Bundles - 	Entry: C:\Program Files\sts-4.22.1.RELEASE\plugins\org.eclipse.m2e.maven.runtime_3.9.600.20231203-1234\jars\maven-plugin-api-3.9.6.jar
2024-10-17 17:55:55,504 [Worker-15: Launching mavenrun-4baa37c1-fa3c-4273-bbf0-ace437056bde] INFO  o.eclipse.m2e.core.internal.Bundles - 	Entry: C:\Program Files\sts-4.22.1.RELEASE\plugins\org.eclipse.m2e.maven.runtime_3.9.600.20231203-1234\jars\maven-repository-metadata-3.9.6.jar
2024-10-17 17:55:55,504 [Worker-15: Launching mavenrun-4baa37c1-fa3c-4273-bbf0-ace437056bde] INFO  o.eclipse.m2e.core.internal.Bundles - 	Entry: C:\Program Files\sts-4.22.1.RELEASE\plugins\org.eclipse.m2e.maven.runtime_3.9.600.20231203-1234\jars\maven-resolver-api-1.9.18.jar
2024-10-17 17:55:55,505 [Worker-15: Launching mavenrun-4baa37c1-fa3c-4273-bbf0-ace437056bde] INFO  o.eclipse.m2e.core.internal.Bundles - 	Entry: C:\Program Files\sts-4.22.1.RELEASE\plugins\org.eclipse.m2e.maven.runtime_3.9.600.20231203-1234\jars\maven-resolver-connector-basic-1.9.18.jar
2024-10-17 17:55:55,505 [Worker-15: Launching mavenrun-4baa37c1-fa3c-4273-bbf0-ace437056bde] INFO  o.eclipse.m2e.core.internal.Bundles - 	Entry: C:\Program Files\sts-4.22.1.RELEASE\plugins\org.eclipse.m2e.maven.runtime_3.9.600.20231203-1234\jars\maven-resolver-impl-1.9.18.jar
2024-10-17 17:55:55,506 [Worker-15: Launching mavenrun-4baa37c1-fa3c-4273-bbf0-ace437056bde] INFO  o.eclipse.m2e.core.internal.Bundles - 	Entry: C:\Program Files\sts-4.22.1.RELEASE\plugins\org.eclipse.m2e.maven.runtime_3.9.600.20231203-1234\jars\maven-resolver-named-locks-1.9.18.jar
2024-10-17 17:55:55,506 [Worker-15: Launching mavenrun-4baa37c1-fa3c-4273-bbf0-ace437056bde] INFO  o.eclipse.m2e.core.internal.Bundles - 	Entry: C:\Program Files\sts-4.22.1.RELEASE\plugins\org.eclipse.m2e.maven.runtime_3.9.600.20231203-1234\jars\maven-resolver-provider-3.9.6.jar
2024-10-17 17:55:55,507 [Worker-15: Launching mavenrun-4baa37c1-fa3c-4273-bbf0-ace437056bde] INFO  o.eclipse.m2e.core.internal.Bundles - 	Entry: C:\Program Files\sts-4.22.1.RELEASE\plugins\org.eclipse.m2e.maven.runtime_3.9.600.20231203-1234\jars\maven-resolver-spi-1.9.18.jar
2024-10-17 17:55:55,508 [Worker-15: Launching mavenrun-4baa37c1-fa3c-4273-bbf0-ace437056bde] INFO  o.eclipse.m2e.core.internal.Bundles - 	Entry: C:\Program Files\sts-4.22.1.RELEASE\plugins\org.eclipse.m2e.maven.runtime_3.9.600.20231203-1234\jars\maven-resolver-transport-file-1.9.18.jar
2024-10-17 17:55:55,508 [Worker-15: Launching mavenrun-4baa37c1-fa3c-4273-bbf0-ace437056bde] INFO  o.eclipse.m2e.core.internal.Bundles - 	Entry: C:\Program Files\sts-4.22.1.RELEASE\plugins\org.eclipse.m2e.maven.runtime_3.9.600.20231203-1234\jars\maven-resolver-transport-http-1.9.18.jar
2024-10-17 17:55:55,509 [Worker-15: Launching mavenrun-4baa37c1-fa3c-4273-bbf0-ace437056bde] INFO  o.eclipse.m2e.core.internal.Bundles - 	Entry: C:\Program Files\sts-4.22.1.RELEASE\plugins\org.eclipse.m2e.maven.runtime_3.9.600.20231203-1234\jars\maven-resolver-transport-wagon-1.9.18.jar
2024-10-17 17:55:55,510 [Worker-15: Launching mavenrun-4baa37c1-fa3c-4273-bbf0-ace437056bde] INFO  o.eclipse.m2e.core.internal.Bundles - 	Entry: C:\Program Files\sts-4.22.1.RELEASE\plugins\org.eclipse.m2e.maven.runtime_3.9.600.20231203-1234\jars\maven-resolver-util-1.9.18.jar
2024-10-17 17:55:55,510 [Worker-15: Launching mavenrun-4baa37c1-fa3c-4273-bbf0-ace437056bde] INFO  o.eclipse.m2e.core.internal.Bundles - 	Entry: C:\Program Files\sts-4.22.1.RELEASE\plugins\org.eclipse.m2e.maven.runtime_3.9.600.20231203-1234\jars\maven-settings-3.9.6.jar
2024-10-17 17:55:55,511 [Worker-15: Launching mavenrun-4baa37c1-fa3c-4273-bbf0-ace437056bde] INFO  o.eclipse.m2e.core.internal.Bundles - 	Entry: C:\Program Files\sts-4.22.1.RELEASE\plugins\org.eclipse.m2e.maven.runtime_3.9.600.20231203-1234\jars\maven-settings-builder-3.9.6.jar
2024-10-17 17:55:55,511 [Worker-15: Launching mavenrun-4baa37c1-fa3c-4273-bbf0-ace437056bde] INFO  o.eclipse.m2e.core.internal.Bundles - 	Entry: C:\Program Files\sts-4.22.1.RELEASE\plugins\org.eclipse.m2e.maven.runtime_3.9.600.20231203-1234\jars\maven-shared-utils-3.3.4.jar
2024-10-17 17:55:55,511 [Worker-15: Launching mavenrun-4baa37c1-fa3c-4273-bbf0-ace437056bde] INFO  o.eclipse.m2e.core.internal.Bundles - 	Entry: C:\Program Files\sts-4.22.1.RELEASE\plugins\org.eclipse.m2e.maven.runtime_3.9.600.20231203-1234\jars\org.eclipse.sisu.inject-0.9.0.M2.jar
2024-10-17 17:55:55,512 [Worker-15: Launching mavenrun-4baa37c1-fa3c-4273-bbf0-ace437056bde] INFO  o.eclipse.m2e.core.internal.Bundles - 	Entry: C:\Program Files\sts-4.22.1.RELEASE\plugins\org.eclipse.m2e.maven.runtime_3.9.600.20231203-1234\jars\org.eclipse.sisu.plexus-0.9.0.M2.jar
2024-10-17 17:55:55,513 [Worker-15: Launching mavenrun-4baa37c1-fa3c-4273-bbf0-ace437056bde] INFO  o.eclipse.m2e.core.internal.Bundles - 	Entry: C:\Program Files\sts-4.22.1.RELEASE\plugins\org.eclipse.m2e.maven.runtime_3.9.600.20231203-1234\jars\plexus-build-api-0.0.7.jar
2024-10-17 17:55:55,514 [Worker-15: Launching mavenrun-4baa37c1-fa3c-4273-bbf0-ace437056bde] INFO  o.eclipse.m2e.core.internal.Bundles - 	Entry: C:\Program Files\sts-4.22.1.RELEASE\plugins\org.eclipse.m2e.maven.runtime_3.9.600.20231203-1234\jars\plexus-cipher-2.0.jar
2024-10-17 17:55:55,515 [Worker-15: Launching mavenrun-4baa37c1-fa3c-4273-bbf0-ace437056bde] INFO  o.eclipse.m2e.core.internal.Bundles - 	Entry: C:\Program Files\sts-4.22.1.RELEASE\plugins\org.eclipse.m2e.maven.runtime_3.9.600.20231203-1234\jars\plexus-classworlds-2.7.0.jar
2024-10-17 17:55:55,518 [Worker-15: Launching mavenrun-4baa37c1-fa3c-4273-bbf0-ace437056bde] INFO  o.eclipse.m2e.core.internal.Bundles - 	Entry: C:\Program Files\sts-4.22.1.RELEASE\plugins\org.eclipse.m2e.maven.runtime_3.9.600.20231203-1234\jars\plexus-component-annotations-2.1.0.jar
2024-10-17 17:55:55,519 [Worker-15: Launching mavenrun-4baa37c1-fa3c-4273-bbf0-ace437056bde] INFO  o.eclipse.m2e.core.internal.Bundles - 	Entry: C:\Program Files\sts-4.22.1.RELEASE\plugins\org.eclipse.m2e.maven.runtime_3.9.600.20231203-1234\jars\plexus-interpolation-1.26.jar
2024-10-17 17:55:55,521 [Worker-15: Launching mavenrun-4baa37c1-fa3c-4273-bbf0-ace437056bde] INFO  o.eclipse.m2e.core.internal.Bundles - 	Entry: C:\Program Files\sts-4.22.1.RELEASE\plugins\org.eclipse.m2e.maven.runtime_3.9.600.20231203-1234\jars\plexus-sec-dispatcher-2.0.jar
2024-10-17 17:55:55,522 [Worker-15: Launching mavenrun-4baa37c1-fa3c-4273-bbf0-ace437056bde] INFO  o.eclipse.m2e.core.internal.Bundles - 	Entry: C:\Program Files\sts-4.22.1.RELEASE\plugins\org.eclipse.m2e.maven.runtime_3.9.600.20231203-1234\jars\plexus-utils-3.5.1.jar
2024-10-17 17:55:55,522 [Worker-15: Launching mavenrun-4baa37c1-fa3c-4273-bbf0-ace437056bde] INFO  o.eclipse.m2e.core.internal.Bundles - 	Entry: C:\Program Files\sts-4.22.1.RELEASE\plugins\org.eclipse.m2e.maven.runtime_3.9.600.20231203-1234\jars\wagon-file-3.5.3.jar
2024-10-17 17:55:55,523 [Worker-15: Launching mavenrun-4baa37c1-fa3c-4273-bbf0-ace437056bde] INFO  o.eclipse.m2e.core.internal.Bundles - 	Entry: C:\Program Files\sts-4.22.1.RELEASE\plugins\org.eclipse.m2e.maven.runtime_3.9.600.20231203-1234\jars\wagon-http-3.5.3.jar
2024-10-17 17:55:55,523 [Worker-15: Launching mavenrun-4baa37c1-fa3c-4273-bbf0-ace437056bde] INFO  o.eclipse.m2e.core.internal.Bundles - 	Entry: C:\Program Files\sts-4.22.1.RELEASE\plugins\org.eclipse.m2e.maven.runtime_3.9.600.20231203-1234\jars\wagon-http-shared-3.5.3.jar
2024-10-17 17:55:55,524 [Worker-15: Launching mavenrun-4baa37c1-fa3c-4273-bbf0-ace437056bde] INFO  o.eclipse.m2e.core.internal.Bundles - 	Entry: C:\Program Files\sts-4.22.1.RELEASE\plugins\org.eclipse.m2e.maven.runtime_3.9.600.20231203-1234\jars\wagon-provider-api-3.5.3.jar
2024-10-17 17:55:55,527 [Worker-15: Launching mavenrun-4baa37c1-fa3c-4273-bbf0-ace437056bde] INFO  o.eclipse.m2e.core.internal.Bundles - getClasspathEntries(Bundle=com.google.guava_33.0.0.jre [27])
2024-10-17 17:55:55,528 [Worker-15: Launching mavenrun-4baa37c1-fa3c-4273-bbf0-ace437056bde] INFO  o.eclipse.m2e.core.internal.Bundles - 	Entry: C:\Program Files\sts-4.22.1.RELEASE\plugins\com.google.guava_33.0.0.jre.jar
2024-10-17 17:55:55,528 [Worker-15: Launching mavenrun-4baa37c1-fa3c-4273-bbf0-ace437056bde] INFO  o.eclipse.m2e.core.internal.Bundles - getClasspathEntries(Bundle=slf4j.api_2.0.12 [584])
2024-10-17 17:55:55,529 [Worker-15: Launching mavenrun-4baa37c1-fa3c-4273-bbf0-ace437056bde] INFO  o.eclipse.m2e.core.internal.Bundles - 	Entry: C:\Program Files\sts-4.22.1.RELEASE\plugins\slf4j.api_2.0.12.jar
2024-10-17 17:55:55,529 [Worker-15: Launching mavenrun-4baa37c1-fa3c-4273-bbf0-ace437056bde] INFO  o.eclipse.m2e.core.internal.Bundles - getClasspathEntries(Bundle=jakarta.inject.jakarta.inject-api_1.0.5 [44])
2024-10-17 17:55:55,530 [Worker-15: Launching mavenrun-4baa37c1-fa3c-4273-bbf0-ace437056bde] INFO  o.eclipse.m2e.core.internal.Bundles - 	Entry: C:\Program Files\sts-4.22.1.RELEASE\plugins\jakarta.inject.jakarta.inject-api_1.0.5.jar
2024-10-17 17:55:55,530 [Worker-15: Launching mavenrun-4baa37c1-fa3c-4273-bbf0-ace437056bde] INFO  o.eclipse.m2e.core.internal.Bundles - getClasspathEntries(Bundle=jakarta.annotation-api_1.3.5 [40])
2024-10-17 17:55:55,531 [Worker-15: Launching mavenrun-4baa37c1-fa3c-4273-bbf0-ace437056bde] INFO  o.eclipse.m2e.core.internal.Bundles - 	Entry: C:\Program Files\sts-4.22.1.RELEASE\plugins\jakarta.annotation-api_1.3.5.jar
2024-10-17 17:55:55,531 [Worker-15: Launching mavenrun-4baa37c1-fa3c-4273-bbf0-ace437056bde] INFO  o.eclipse.m2e.core.internal.Bundles - getClasspathEntries(Bundle=org.apache.commons.cli_1.6.0 [75])
2024-10-17 17:55:55,534 [Worker-15: Launching mavenrun-4baa37c1-fa3c-4273-bbf0-ace437056bde] INFO  o.eclipse.m2e.core.internal.Bundles - 	Entry: C:\Program Files\sts-4.22.1.RELEASE\plugins\org.apache.commons.cli_1.6.0.jar
2024-10-17 17:55:55,534 [Worker-15: Launching mavenrun-4baa37c1-fa3c-4273-bbf0-ace437056bde] INFO  o.eclipse.m2e.core.internal.Bundles - getClasspathEntries(Bundle=org.apache.commons.commons-codec_1.16.0 [77])
2024-10-17 17:55:55,536 [Worker-15: Launching mavenrun-4baa37c1-fa3c-4273-bbf0-ace437056bde] INFO  o.eclipse.m2e.core.internal.Bundles - 	Entry: C:\Program Files\sts-4.22.1.RELEASE\plugins\org.apache.commons.commons-codec_1.16.0.jar
2024-10-17 17:55:55,536 [Worker-15: Launching mavenrun-4baa37c1-fa3c-4273-bbf0-ace437056bde] INFO  o.eclipse.m2e.core.internal.Bundles - getClasspathEntries(Bundle=org.apache.commons.lang3_3.14.0 [81])
2024-10-17 17:55:55,537 [Worker-15: Launching mavenrun-4baa37c1-fa3c-4273-bbf0-ace437056bde] INFO  o.eclipse.m2e.core.internal.Bundles - 	Entry: C:\Program Files\sts-4.22.1.RELEASE\plugins\org.apache.commons.lang3_3.14.0.jar
2024-10-17 17:55:55,537 [Worker-15: Launching mavenrun-4baa37c1-fa3c-4273-bbf0-ace437056bde] INFO  o.eclipse.m2e.core.internal.Bundles - getClasspathEntries(Bundle=com.google.guava.failureaccess_1.0.2 [29])
2024-10-17 17:55:55,538 [Worker-15: Launching mavenrun-4baa37c1-fa3c-4273-bbf0-ace437056bde] INFO  o.eclipse.m2e.core.internal.Bundles - 	Entry: C:\Program Files\sts-4.22.1.RELEASE\plugins\com.google.guava.failureaccess_1.0.2.jar
2024-10-17 17:55:55,544 [Worker-15: Launching mavenrun-4baa37c1-fa3c-4273-bbf0-ace437056bde] INFO  o.e.m.i.launch.MavenLaunchDelegate - Run build in "C:\Users\Pacho\AppData\Local\Temp\m2e-archetypeGenerator3806858687754078214":
2024-10-17 17:55:55,553 [Worker-15: Launching mavenrun-4baa37c1-fa3c-4273-bbf0-ace437056bde] INFO  o.e.m.i.launch.MavenLaunchDelegate -  mvn  -DarchetypeGroupId=org.apache.maven.archetypes -DarchetypeArtifactId=maven-archetype-quickstart -DarchetypeVersion=1.1 -DgroupId=com.psagar3codes -DartifactId=MavenProject1 -Dversion=0.0.1-SNAPSHOT -Dpackage=com.psagar3codes.main -DoutputDirectory=D:\Learning\smartProgramming -Dstyle.color=always -U archetype:generate
2024-10-17 17:56:40,196 [Worker-1: Creating maven-archetype-quickstart] INFO  o.e.m.c.i.p.ProjectConfigurationManager - Collecting project info '/pom.xml' D:\Learning\smartProgramming\MavenProject1\pom.xml
2024-10-17 17:56:40,960 [Worker-1: Creating maven-archetype-quickstart] INFO  o.e.m.c.i.l.LifecycleMappingFactory - Using org.eclipse.m2e.jdt.JarLifecycleMapping lifecycle mapping for MavenProject: com.psagar3codes:MavenProject1:0.0.1-SNAPSHOT @ D:\Learning\smartProgramming\MavenProject1\pom.xml.
2024-10-17 17:56:41,914 [Worker-1: Creating maven-archetype-quickstart] INFO  o.e.m.j.i.AbstractJavaProjectConfigurator - Adding source folder /MavenProject1/src/main/java
2024-10-17 17:56:41,917 [Worker-1: Creating maven-archetype-quickstart] INFO  o.e.m.j.i.AbstractJavaProjectConfigurator - Adding resource folder /MavenProject1/src/main/resources
2024-10-17 17:56:41,921 [Worker-1: Creating maven-archetype-quickstart] INFO  o.e.m.j.i.AbstractJavaProjectConfigurator - Adding source folder /MavenProject1/src/test/java
2024-10-17 17:56:41,922 [Worker-1: Creating maven-archetype-quickstart] INFO  o.e.m.j.i.AbstractJavaProjectConfigurator - Adding resource folder /MavenProject1/src/test/resources
2024-10-17 17:56:42,032 [Worker-1: Creating maven-archetype-quickstart] INFO  o.e.m.c.i.p.ProjectConfigurationManager - Imported and configured 1 project(s) in 1 sec
2024-10-17 17:56:42,478 [Worker-16: Building] INFO  o.a.m.s.f.DefaultMavenResourcesFiltering - skip non existing resourceDirectory D:\Learning\smartProgramming\MavenProject1\src\main\resources
2024-10-17 17:56:42,483 [Worker-16: Building] INFO  o.a.m.s.f.DefaultMavenResourcesFiltering - skip non existing resourceDirectory D:\Learning\smartProgramming\MavenProject1\src\test\resources
2024-10-17 17:58:46,837 [Worker-16: Building] INFO  o.e.m.c.i.l.LifecycleMappingFactory - Using org.eclipse.m2e.jdt.JarLifecycleMapping lifecycle mapping for MavenProject: com.psagar3codes:MavenProject1:0.0.1-SNAPSHOT @ D:\Learning\smartProgramming\MavenProject1\pom.xml.
2024-10-17 17:58:47,059 [Worker-16: Building] INFO  o.a.m.s.f.DefaultMavenResourcesFiltering - skip non existing resourceDirectory D:\Learning\smartProgramming\MavenProject1\src\main\resources
2024-10-17 17:58:47,064 [Worker-16: Building] INFO  o.a.m.s.f.DefaultMavenResourcesFiltering - skip non existing resourceDirectory D:\Learning\smartProgramming\MavenProject1\src\test\resources
2024-10-17 18:10:57,391 [Worker-1: Building] INFO  o.a.m.s.f.DefaultMavenResourcesFiltering - skip non existing resourceDirectory D:\Learning\smartProgramming\MavenProject1\src\main\resources
2024-10-17 18:10:57,395 [Worker-1: Building] INFO  o.a.m.s.f.DefaultMavenResourcesFiltering - skip non existing resourceDirectory D:\Learning\smartProgramming\MavenProject1\src\test\resources
2024-10-17 18:12:00,426 [Worker-25: Building] INFO  o.a.m.s.f.DefaultMavenResourcesFiltering - skip non existing resourceDirectory D:\Learning\smartProgramming\MavenProject1\src\main\resources
2024-10-17 18:12:00,428 [Worker-25: Building] INFO  o.a.m.s.f.DefaultMavenResourcesFiltering - skip non existing resourceDirectory D:\Learning\smartProgramming\MavenProject1\src\test\resources
2024-10-17 18:12:37,167 [Worker-21: Building] INFO  o.a.m.s.f.DefaultMavenResourcesFiltering - skip non existing resourceDirectory D:\Learning\smartProgramming\MavenProject1\src\main\resources
2024-10-17 18:12:37,169 [Worker-21: Building] INFO  o.a.m.s.f.DefaultMavenResourcesFiltering - skip non existing resourceDirectory D:\Learning\smartProgramming\MavenProject1\src\test\resources
2024-10-17 18:12:40,477 [Worker-23: Building] INFO  o.a.m.s.f.DefaultMavenResourcesFiltering - skip non existing resourceDirectory D:\Learning\smartProgramming\MavenProject1\src\main\resources
2024-10-17 18:12:40,479 [Worker-23: Building] INFO  o.a.m.s.f.DefaultMavenResourcesFiltering - skip non existing resourceDirectory D:\Learning\smartProgramming\MavenProject1\src\test\resources
2024-10-17 18:13:07,034 [Worker-25: Building] INFO  o.a.m.s.f.DefaultMavenResourcesFiltering - skip non existing resourceDirectory D:\Learning\smartProgramming\MavenProject1\src\main\resources
2024-10-17 18:13:07,037 [Worker-25: Building] INFO  o.a.m.s.f.DefaultMavenResourcesFiltering - skip non existing resourceDirectory D:\Learning\smartProgramming\MavenProject1\src\test\resources
2024-10-17 18:13:16,963 [Worker-26: Building] INFO  o.a.m.s.f.DefaultMavenResourcesFiltering - skip non existing resourceDirectory D:\Learning\smartProgramming\MavenProject1\src\main\resources
2024-10-17 18:13:16,969 [Worker-26: Building] INFO  o.a.m.s.f.DefaultMavenResourcesFiltering - skip non existing resourceDirectory D:\Learning\smartProgramming\MavenProject1\src\test\resources
2024-10-17 18:13:39,703 [Worker-26: Building] INFO  o.a.m.s.f.DefaultMavenResourcesFiltering - skip non existing resourceDirectory D:\Learning\smartProgramming\MavenProject1\src\main\resources
2024-10-17 18:13:39,707 [Worker-26: Building] INFO  o.a.m.s.f.DefaultMavenResourcesFiltering - skip non existing resourceDirectory D:\Learning\smartProgramming\MavenProject1\src\test\resources
2024-10-17 18:14:09,035 [Worker-27: Building] INFO  o.a.m.s.f.DefaultMavenResourcesFiltering - skip non existing resourceDirectory D:\Learning\smartProgramming\MavenProject1\src\main\resources
2024-10-17 18:14:09,042 [Worker-27: Building] INFO  o.a.m.s.f.DefaultMavenResourcesFiltering - skip non existing resourceDirectory D:\Learning\smartProgramming\MavenProject1\src\test\resources
2024-10-17 18:16:22,950 [Worker-1: Building] INFO  o.a.m.s.f.DefaultMavenResourcesFiltering - skip non existing resourceDirectory D:\Learning\smartProgramming\MavenProject1\src\main\resources
2024-10-17 18:16:22,955 [Worker-1: Building] INFO  o.a.m.s.f.DefaultMavenResourcesFiltering - skip non existing resourceDirectory D:\Learning\smartProgramming\MavenProject1\src\test\resources
2024-10-17 18:16:43,986 [Worker-23: Building] INFO  o.a.m.s.f.DefaultMavenResourcesFiltering - skip non existing resourceDirectory D:\Learning\smartProgramming\MavenProject1\src\main\resources
2024-10-17 18:16:43,991 [Worker-23: Building] INFO  o.a.m.s.f.DefaultMavenResourcesFiltering - skip non existing resourceDirectory D:\Learning\smartProgramming\MavenProject1\src\test\resources
2024-10-17 18:18:28,912 [Worker-27: Building] INFO  o.a.m.s.f.DefaultMavenResourcesFiltering - skip non existing resourceDirectory D:\Learning\smartProgramming\MavenProject1\src\main\resources
2024-10-17 18:18:28,914 [Worker-27: Building] INFO  o.a.m.s.f.DefaultMavenResourcesFiltering - skip non existing resourceDirectory D:\Learning\smartProgramming\MavenProject1\src\test\resources
2024-10-17 18:19:06,687 [Worker-1: Building] INFO  o.a.m.s.f.DefaultMavenResourcesFiltering - skip non existing resourceDirectory D:\Learning\smartProgramming\MavenProject1\src\main\resources
2024-10-17 18:19:06,689 [Worker-1: Building] INFO  o.a.m.s.f.DefaultMavenResourcesFiltering - skip non existing resourceDirectory D:\Learning\smartProgramming\MavenProject1\src\test\resources
2024-10-17 18:19:20,546 [Worker-25: Building] INFO  o.a.m.s.f.DefaultMavenResourcesFiltering - skip non existing resourceDirectory D:\Learning\smartProgramming\MavenProject1\src\main\resources
2024-10-17 18:19:20,548 [Worker-25: Building] INFO  o.a.m.s.f.DefaultMavenResourcesFiltering - skip non existing resourceDirectory D:\Learning\smartProgramming\MavenProject1\src\test\resources
2024-10-17 18:19:57,432 [Worker-25: Building] INFO  o.a.m.s.f.DefaultMavenResourcesFiltering - skip non existing resourceDirectory D:\Learning\smartProgramming\MavenProject1\src\main\resources
2024-10-17 18:19:57,437 [Worker-25: Building] INFO  o.a.m.s.f.DefaultMavenResourcesFiltering - skip non existing resourceDirectory D:\Learning\smartProgramming\MavenProject1\src\test\resources
2024-10-17 18:21:36,235 [Worker-26: Building] INFO  o.e.m.c.i.l.LifecycleMappingFactory - Using org.eclipse.m2e.jdt.JarLifecycleMapping lifecycle mapping for MavenProject: com.psagar3codes:MavenProject1:0.0.1-SNAPSHOT @ D:\Learning\smartProgramming\MavenProject1\pom.xml.
2024-10-17 18:21:36,393 [Worker-26: Building] INFO  o.a.m.s.f.DefaultMavenResourcesFiltering - skip non existing resourceDirectory D:\Learning\smartProgramming\MavenProject1\src\main\resources
2024-10-17 18:21:36,395 [Worker-26: Building] INFO  o.a.m.s.f.DefaultMavenResourcesFiltering - skip non existing resourceDirectory D:\Learning\smartProgramming\MavenProject1\src\test\resources
2024-10-17 18:21:37,883 [Worker-27: Building] INFO  o.a.m.s.f.DefaultMavenResourcesFiltering - skip non existing resourceDirectory D:\Learning\smartProgramming\MavenProject1\src\main\resources
2024-10-17 18:21:37,889 [Worker-27: Building] INFO  o.a.m.s.f.DefaultMavenResourcesFiltering - skip non existing resourceDirectory D:\Learning\smartProgramming\MavenProject1\src\test\resources
2024-10-17 18:24:18,514 [Worker-27: Building] INFO  o.a.m.s.f.DefaultMavenResourcesFiltering - skip non existing resourceDirectory D:\Learning\smartProgramming\MavenProject1\src\main\resources
2024-10-17 18:24:18,516 [Worker-27: Building] INFO  o.a.m.s.f.DefaultMavenResourcesFiltering - skip non existing resourceDirectory D:\Learning\smartProgramming\MavenProject1\src\test\resources
2024-10-17 18:26:03,709 [Worker-25: Building] INFO  o.a.m.s.f.DefaultMavenResourcesFiltering - skip non existing resourceDirectory D:\Learning\smartProgramming\MavenProject1\src\main\resources
2024-10-17 18:26:03,710 [Worker-25: Building] INFO  o.a.m.s.f.DefaultMavenResourcesFiltering - skip non existing resourceDirectory D:\Learning\smartProgramming\MavenProject1\src\test\resources
2024-10-17 18:26:43,569 [Worker-27: Building] INFO  o.a.m.s.f.DefaultMavenResourcesFiltering - skip non existing resourceDirectory D:\Learning\smartProgramming\MavenProject1\src\main\resources
2024-10-17 18:26:43,571 [Worker-27: Building] INFO  o.a.m.s.f.DefaultMavenResourcesFiltering - skip non existing resourceDirectory D:\Learning\smartProgramming\MavenProject1\src\test\resources
2024-10-17 18:26:55,076 [Worker-1: Building] INFO  o.a.m.s.f.DefaultMavenResourcesFiltering - skip non existing resourceDirectory D:\Learning\smartProgramming\MavenProject1\src\main\resources
2024-10-17 18:26:55,078 [Worker-1: Building] INFO  o.a.m.s.f.DefaultMavenResourcesFiltering - skip non existing resourceDirectory D:\Learning\smartProgramming\MavenProject1\src\test\resources
2024-10-17 18:28:46,077 [Worker-25: Building] INFO  o.a.m.s.f.DefaultMavenResourcesFiltering - skip non existing resourceDirectory D:\Learning\smartProgramming\MavenProject1\src\main\resources
2024-10-17 18:28:46,079 [Worker-25: Building] INFO  o.a.m.s.f.DefaultMavenResourcesFiltering - skip non existing resourceDirectory D:\Learning\smartProgramming\MavenProject1\src\test\resources
2024-10-17 18:31:13,294 [Worker-23: Building] INFO  o.a.m.s.f.DefaultMavenResourcesFiltering - skip non existing resourceDirectory D:\Learning\smartProgramming\MavenProject1\src\main\resources
2024-10-17 18:31:13,297 [Worker-23: Building] INFO  o.a.m.s.f.DefaultMavenResourcesFiltering - skip non existing resourceDirectory D:\Learning\smartProgramming\MavenProject1\src\test\resources
2024-10-17 18:32:49,471 [Worker-23: Building] INFO  o.a.m.s.f.DefaultMavenResourcesFiltering - skip non existing resourceDirectory D:\Learning\smartProgramming\MavenProject1\src\main\resources
2024-10-17 18:32:49,473 [Worker-23: Building] INFO  o.a.m.s.f.DefaultMavenResourcesFiltering - skip non existing resourceDirectory D:\Learning\smartProgramming\MavenProject1\src\test\resources
2024-10-17 18:33:38,906 [Worker-25: Building Workspace] INFO  o.a.m.s.f.DefaultMavenResourcesFiltering - skip non existing resourceDirectory D:\Learning\smartProgramming\MavenProject1\src\main\resources
2024-10-17 18:33:38,908 [Worker-25: Building Workspace] INFO  o.a.m.s.f.DefaultMavenResourcesFiltering - skip non existing resourceDirectory D:\Learning\smartProgramming\MavenProject1\src\test\resources
2024-10-17 18:33:47,353 [Worker-1: Building] INFO  o.a.m.s.f.DefaultMavenResourcesFiltering - skip non existing resourceDirectory D:\Learning\smartProgramming\MavenProject1\src\main\resources
2024-10-17 18:33:47,358 [Worker-1: Building] INFO  o.a.m.s.f.DefaultMavenResourcesFiltering - skip non existing resourceDirectory D:\Learning\smartProgramming\MavenProject1\src\test\resources
2024-10-17 18:34:04,824 [Worker-23: Building] INFO  o.a.m.s.f.DefaultMavenResourcesFiltering - skip non existing resourceDirectory D:\Learning\smartProgramming\MavenProject1\src\main\resources
2024-10-17 18:34:04,826 [Worker-23: Building] INFO  o.a.m.s.f.DefaultMavenResourcesFiltering - skip non existing resourceDirectory D:\Learning\smartProgramming\MavenProject1\src\test\resources
2024-10-17 18:34:18,577 [Worker-29: Building] INFO  o.a.m.s.f.DefaultMavenResourcesFiltering - skip non existing resourceDirectory D:\Learning\smartProgramming\MavenProject1\src\main\resources
2024-10-17 18:34:18,580 [Worker-29: Building] INFO  o.a.m.s.f.DefaultMavenResourcesFiltering - skip non existing resourceDirectory D:\Learning\smartProgramming\MavenProject1\src\test\resources
2024-10-17 18:35:14,642 [Worker-27: Building] INFO  o.a.m.s.f.DefaultMavenResourcesFiltering - skip non existing resourceDirectory D:\Learning\smartProgramming\MavenProject1\src\main\resources
2024-10-17 18:35:14,643 [Worker-27: Building] INFO  o.a.m.s.f.DefaultMavenResourcesFiltering - skip non existing resourceDirectory D:\Learning\smartProgramming\MavenProject1\src\test\resources
2024-10-17 18:35:38,002 [Worker-23: Building] INFO  o.a.m.s.f.DefaultMavenResourcesFiltering - skip non existing resourceDirectory D:\Learning\smartProgramming\MavenProject1\src\main\resources
2024-10-17 18:35:38,004 [Worker-23: Building] INFO  o.a.m.s.f.DefaultMavenResourcesFiltering - skip non existing resourceDirectory D:\Learning\smartProgramming\MavenProject1\src\test\resources
2024-10-17 18:48:11,248 [Worker-32: Building] INFO  o.a.m.s.f.DefaultMavenResourcesFiltering - skip non existing resourceDirectory D:\Learning\smartProgramming\MavenProject1\src\main\resources
2024-10-17 18:48:11,253 [Worker-32: Building] INFO  o.a.m.s.f.DefaultMavenResourcesFiltering - skip non existing resourceDirectory D:\Learning\smartProgramming\MavenProject1\src\test\resources
2024-10-17 18:52:56,622 [Worker-32: Building] INFO  o.a.m.s.f.DefaultMavenResourcesFiltering - skip non existing resourceDirectory D:\Learning\smartProgramming\MavenProject1\src\main\resources
2024-10-17 18:52:56,625 [Worker-32: Building] INFO  o.a.m.s.f.DefaultMavenResourcesFiltering - skip non existing resourceDirectory D:\Learning\smartProgramming\MavenProject1\src\test\resources
2024-10-17 18:54:34,406 [Worker-33: Building] INFO  o.a.m.s.f.DefaultMavenResourcesFiltering - skip non existing resourceDirectory D:\Learning\smartProgramming\MavenProject1\src\main\resources
2024-10-17 18:54:34,409 [Worker-33: Building] INFO  o.a.m.s.f.DefaultMavenResourcesFiltering - skip non existing resourceDirectory D:\Learning\smartProgramming\MavenProject1\src\test\resources
2024-10-17 18:54:46,964 [Worker-33: Building] INFO  o.a.m.s.f.DefaultMavenResourcesFiltering - skip non existing resourceDirectory D:\Learning\smartProgramming\MavenProject1\src\main\resources
2024-10-17 18:54:46,965 [Worker-33: Building] INFO  o.a.m.s.f.DefaultMavenResourcesFiltering - skip non existing resourceDirectory D:\Learning\smartProgramming\MavenProject1\src\test\resources
2024-10-17 18:55:21,103 [Worker-34: Building] INFO  o.a.m.s.f.DefaultMavenResourcesFiltering - skip non existing resourceDirectory D:\Learning\smartProgramming\MavenProject1\src\main\resources
2024-10-17 18:55:21,104 [Worker-34: Building] INFO  o.a.m.s.f.DefaultMavenResourcesFiltering - skip non existing resourceDirectory D:\Learning\smartProgramming\MavenProject1\src\test\resources
2024-10-17 18:55:23,417 [Worker-32: Building] INFO  o.a.m.s.f.DefaultMavenResourcesFiltering - skip non existing resourceDirectory D:\Learning\smartProgramming\MavenProject1\src\main\resources
2024-10-17 18:55:23,418 [Worker-32: Building] INFO  o.a.m.s.f.DefaultMavenResourcesFiltering - skip non existing resourceDirectory D:\Learning\smartProgramming\MavenProject1\src\test\resources
2024-10-17 18:55:39,910 [Worker-34: Building] INFO  o.a.m.s.f.DefaultMavenResourcesFiltering - skip non existing resourceDirectory D:\Learning\smartProgramming\MavenProject1\src\main\resources
2024-10-17 18:55:39,916 [Worker-34: Building] INFO  o.a.m.s.f.DefaultMavenResourcesFiltering - skip non existing resourceDirectory D:\Learning\smartProgramming\MavenProject1\src\test\resources
2024-10-17 18:56:14,103 [Worker-35: Building] INFO  o.a.m.s.f.DefaultMavenResourcesFiltering - skip non existing resourceDirectory D:\Learning\smartProgramming\MavenProject1\src\main\resources
2024-10-17 18:56:14,107 [Worker-35: Building] INFO  o.a.m.s.f.DefaultMavenResourcesFiltering - skip non existing resourceDirectory D:\Learning\smartProgramming\MavenProject1\src\test\resources
